2019-08-21 21:46:17,489 [      0]   INFO -        #com.intellij.idea.Main - ------------------------------------------------------ IDE STARTED ------------------------------------------------------ 
2019-08-21 21:46:17,759 [    270]   INFO -        #com.intellij.idea.Main - IDE: IntelliJ IDEA (build #IC-191.7479.19, 28 May 2019 02:23) 
2019-08-21 21:46:17,759 [    270]   INFO -        #com.intellij.idea.Main - OS: Mac OS X (10.13.6, x86_64) 
2019-08-21 21:46:17,759 [    270]   INFO -        #com.intellij.idea.Main - JRE: 1.8.0_202-release-1483-b53 (JetBrains s.r.o) 
2019-08-21 21:46:17,759 [    270]   INFO -        #com.intellij.idea.Main - JVM: 25.202-b53 (OpenJDK 64-Bit Server VM) 
2019-08-21 21:46:17,797 [    308]   INFO -        #com.intellij.idea.Main - JVM Args: -Dapple.awt.fileDialogForDirectories=true -Dapple.laf.useScreenMenuBar=true -Didea.classpath.index.enabled=false -Didea.config.path=/Users/darkhawk0000/ComputerScience/PersonalProjects/AlphaStockServer/AlphaApi/build/idea-sandbox/config -Didea.is.internal=true -Didea.platform.prefix=Idea -Didea.plugins.path=/Users/darkhawk0000/ComputerScience/PersonalProjects/AlphaStockServer/AlphaApi/build/idea-sandbox/plugins -Didea.smooth.progress=false -Didea.system.path=/Users/darkhawk0000/ComputerScience/PersonalProjects/AlphaStockServer/AlphaApi/build/idea-sandbox/system -Xms256m -Xmx512m -Dfile.encoding=UTF-8 -Duser.country=US -Duser.language=en -Duser.variant -ea 
2019-08-21 21:46:17,798 [    309]   INFO -        #com.intellij.idea.Main - ext: /Users/darkhawk0000/.gradle/caches/modules-2/files-2.1/com.jetbrains/jbre/jbrx-8u202-osx-x64-b1483.53/jdk/Contents/Home/jre/lib/ext: [sunec.jar, nashorn.jar, cldrdata.jar, jfxrt.jar, dnsns.jar, localedata.jar, sunjce_provider.jar, meta-index, sunpkcs11.jar, jaccess.jar, zipfs.jar] 
2019-08-21 21:46:17,798 [    309]   INFO -        #com.intellij.idea.Main - ext: /System/Library/Java/Extensions: [MRJToolkit.jar] 
2019-08-21 21:46:17,798 [    309]   INFO -        #com.intellij.idea.Main - charsets: JNU=UTF-8 file=UTF-8 
2019-08-21 21:46:17,835 [    346]   INFO -        #com.intellij.idea.Main - JNA library (64-bit) loaded in 36 ms 
2019-08-21 21:46:17,996 [    507]   INFO - .intellij.idea.IdeaApplication - CPU cores: 4; ForkJoinPool.commonPool: java.util.concurrent.ForkJoinPool@67c75f7c[Running, parallelism = 4, size = 0, active = 0, running = 0, steals = 0, tasks = 0, submissions = 0]; factory: com.intellij.concurrency.IdeaForkJoinWorkerThreadFactory@1dffee2a 
2019-08-21 21:46:18,755 [   1266]   INFO - llij.ide.plugins.PluginManager - Cannot find optional descriptor duplicates-groovy.xml 
2019-08-21 21:46:18,763 [   1274]   INFO - llij.ide.plugins.PluginManager - Cannot find optional descriptor duplicates-detection-groovy.xml 
2019-08-21 21:46:19,019 [   1530]   INFO - llij.ide.plugins.PluginManager - load plugin descriptors took 858 ms 
2019-08-21 21:46:19,222 [   1733]   INFO - llij.ide.plugins.PluginManager - 34 plugins initialized in 1073 ms 
2019-08-21 21:46:19,224 [   1735]   INFO - llij.ide.plugins.PluginManager - Loaded bundled plugins: Android Support (10.3.3), Ant Support (191.7479.19), Bytecode Viewer (191.7479.19), Copyright (191.7479.19), Coverage (191.7479.19), Eclipse Integration (191.7479.19), EditorConfig (191.7479.19), Git Integration (191.7479.19), GitHub (191.7479.19), Gradle (191.7479.19), Groovy (191.7479.19), I18n for Java (191.7479.19), IDEA CORE (191.7479.19), IntelliJ Configuration Script (191.7479.19), IntelliLang (191.7479.19), JUnit (191.7479.19), Java Bytecode Decompiler (191.7479.19), Java Stream Debugger (191.7479.19), JavaFX (191.7479.19), Kotlin (1.3.21-release-IJ2019.1-3), Maven Integration (191.7479.19), Mercurial Integration (191.7479.19), Plugin DevKit (191.7479.19), Properties Support (191.7479.19), Settings Repository (191.7479.19), Smali Support (191.7479.19), Subversion (191.7479.19), Task Management (191.7479.19), Terminal (191.7479.19), TestNG-J (191.7479.19), UI Designer (191.7479.19), XPathView + XSLT Support (191.7479.19), XSLT-Debugger (191.7479.19), YAML (191.7479.19) 
2019-08-21 21:46:19,325 [   1836]   INFO -     #com.intellij.util.ui.JBUI - User scale factor: 1.0 
2019-08-21 21:46:19,326 [   1837]   INFO -     #com.intellij.util.ui.JBUI - System scale factor: 1.0 (JRE-managed HiDPI) 
2019-08-21 21:46:22,232 [   4743]   INFO - ellij.vfs.persistent.FSRecords - Marking VFS as corrupted: '/Users/darkhawk0000/ComputerScience/PersonalProjects/AlphaStockServer/AlphaApi/build/idea-sandbox/system/caches/names.dat' does not exist 
2019-08-21 21:46:22,234 [   4745]   INFO - ellij.util.io.PagedFileStorage - lower=100; upper=435; buffer=10; max=435 
2019-08-21 21:46:22,293 [   4804]   INFO - pl.local.NativeFileWatcherImpl - Native file watcher is disabled 
2019-08-21 21:46:23,441 [   5952]   INFO - til.net.ssl.CertificateManager - Default SSL context initialized 
2019-08-21 21:46:23,446 [   5957]   WARN - com.intellij.util.xmlb.Binding - no accessors for interface com.intellij.openapi.extensions.PluginDescriptor 
2019-08-21 21:46:23,454 [   5965]   INFO - rains.ide.BuiltInServerManager - built-in server started, port 63343 
2019-08-21 21:46:23,536 [   6047]   INFO - m.intellij.ui.mac.touchbar.NST - The graphics environment is headless, skip nst loading 
2019-08-21 21:46:23,728 [   6239]   INFO - il.indexing.FileBasedIndexImpl - Index exts enumerated:128, number of extensions:47 
2019-08-21 21:46:23,740 [   6251]   INFO - il.indexing.FileBasedIndexImpl - Index scheduled:12 
2019-08-21 21:46:23,757 [   6268]   INFO - il.indexing.FileBasedIndexImpl - Index FilenameIndex will be built. 
2019-08-21 21:46:23,792 [   6303]   INFO - il.indexing.FileBasedIndexImpl - Index filetypes will be built. 
2019-08-21 21:46:23,799 [   6310]   INFO - tellij.psi.stubs.StubIndexImpl - All stub exts enumerated:56, number of extensions:50 
2019-08-21 21:46:23,800 [   6311]   INFO - tellij.psi.stubs.StubIndexImpl - stub exts update scheduled:0 
2019-08-21 21:46:23,802 [   6313]   INFO - il.indexing.FileBasedIndexImpl - Index java.auto.module.name will be built. 
2019-08-21 21:46:23,806 [   6317]   INFO - il.indexing.FileBasedIndexImpl - Index GroovyDslFileIndex will be built. 
2019-08-21 21:46:23,823 [   6334]   INFO - il.indexing.FileBasedIndexImpl - Index FrameworkDetectionIndex will be built. 
2019-08-21 21:46:23,852 [   6363]   INFO - il.indexing.FileBasedIndexImpl - Index TodoIndex will be built. 
2019-08-21 21:46:23,965 [   6476]   INFO - il.indexing.FileBasedIndexImpl - Index IdIndex will be built. 
2019-08-21 21:46:23,972 [   6483]   INFO - il.indexing.FileBasedIndexImpl - Index Stubs will be built. 
2019-08-21 21:46:24,270 [   6781]   INFO - ij.psi.stubs.StubUpdatingIndex - Following new file types will be indexed:HTML,KJSM,kotlin_builtins,XML,Kotlin,DGM File Type,CLASS,Properties,KNM,Groovy,JAVA 
2019-08-21 21:46:24,771 [   7282]   INFO - il.indexing.FileBasedIndexImpl - Index Trigram.Index will be built. 
2019-08-21 21:46:24,789 [   7300]   INFO - il.indexing.FileBasedIndexImpl - Index fileIncludes will be built. 
2019-08-21 21:46:24,794 [   7305]   INFO - plication.impl.ApplicationImpl - 74 application components initialized in 5412ms 
2019-08-21 21:46:24,797 [   7308]   INFO - il.indexing.FileBasedIndexImpl - Index DomFileIndex will be built. 
2019-08-21 21:46:24,806 [   7317]   INFO - il.indexing.FileBasedIndexImpl - Index RelaxSymbolIndex will be built. 
2019-08-21 21:46:24,817 [   7328]   INFO - il.indexing.FileBasedIndexImpl - Index XmlTagNames will be built. 
2019-08-21 21:46:24,826 [   7337]   INFO - il.indexing.FileBasedIndexImpl - Index XmlNamespaces will be built. 
2019-08-21 21:46:24,834 [   7345]   INFO - il.indexing.FileBasedIndexImpl - Index html5.custom.attributes.index will be built. 
2019-08-21 21:46:24,841 [   7352]   INFO - il.indexing.FileBasedIndexImpl - Index SchemaTypeInheritance will be built. 
2019-08-21 21:46:24,849 [   7360]   INFO - il.indexing.FileBasedIndexImpl - Index json.file.root.values will be built. 
2019-08-21 21:46:24,855 [   7366]   INFO - il.indexing.FileBasedIndexImpl - Index ImageFileInfoIndex will be built. 
2019-08-21 21:46:24,864 [   7375]   INFO - il.indexing.FileBasedIndexImpl - Index bytecodeAnalysis will be built. 
2019-08-21 21:46:24,876 [   7387]   INFO - il.indexing.FileBasedIndexImpl - Index java.null.method.argument will be built. 
2019-08-21 21:46:24,887 [   7398]   INFO - il.indexing.FileBasedIndexImpl - Index java.simple.property will be built. 
2019-08-21 21:46:24,897 [   7408]   INFO - il.indexing.FileBasedIndexImpl - Index java.fun.expression will be built. 
2019-08-21 21:46:24,906 [   7417]   INFO - il.indexing.FileBasedIndexImpl - Index java.binary.plus.expression will be built. 
2019-08-21 21:46:24,914 [   7425]   INFO - il.indexing.FileBasedIndexImpl - Index jvm.hierarchy will be built. 
2019-08-21 21:46:24,921 [   7432]   INFO - il.indexing.FileBasedIndexImpl - Index RefQueueIndex will be built. 
2019-08-21 21:46:24,940 [   7451]   INFO - il.indexing.FileBasedIndexImpl - Index XsltSymbolIndex will be built. 
2019-08-21 21:46:24,949 [   7460]   INFO - il.indexing.FileBasedIndexImpl - Index xmlProperties will be built. 
2019-08-21 21:46:24,957 [   7468]   INFO - il.indexing.FileBasedIndexImpl - Index ant-imports will be built. 
2019-08-21 21:46:24,963 [   7474]   INFO - il.indexing.FileBasedIndexImpl - Index FormClassIndex will be built. 
2019-08-21 21:46:24,972 [   7483]   INFO - il.indexing.FileBasedIndexImpl - Index editorconfig.index.name will be built. 
2019-08-21 21:46:24,979 [   7490]   INFO - il.indexing.FileBasedIndexImpl - Index groovy.trait.fields will be built. 
2019-08-21 21:46:24,991 [   7502]   INFO - il.indexing.FileBasedIndexImpl - Index groovy.trait.methods will be built. 
2019-08-21 21:46:24,999 [   7510]   INFO - il.indexing.FileBasedIndexImpl - Index IdeaPluginRegistrationIndex will be built. 
2019-08-21 21:46:25,012 [   7523]   INFO - il.indexing.FileBasedIndexImpl - Index org.jetbrains.kotlin.idea.versions.KotlinJvmMetadataVersionIndex will be built. 
2019-08-21 21:46:25,019 [   7530]   INFO - il.indexing.FileBasedIndexImpl - Index org.jetbrains.kotlin.idea.versions.KotlinJsMetadataVersionIndex will be built. 
2019-08-21 21:46:25,027 [   7538]   INFO - il.indexing.FileBasedIndexImpl - Index org.jetbrains.kotlin.idea.vfilefinder.KotlinClassFileIndex will be built. 
2019-08-21 21:46:25,033 [   7544]   INFO - il.indexing.FileBasedIndexImpl - Index org.jetbrains.kotlin.idea.vfilefinder.KotlinJavaScriptMetaFileIndex will be built. 
2019-08-21 21:46:25,044 [   7555]   INFO - il.indexing.FileBasedIndexImpl - Index org.jetbrains.kotlin.idea.vfilefinder.KotlinMetadataFileIndex will be built. 
2019-08-21 21:46:25,050 [   7561]   INFO - il.indexing.FileBasedIndexImpl - Index org.jetbrains.kotlin.idea.vfilefinder.KotlinMetadataFilePackageIndex will be built. 
2019-08-21 21:46:25,055 [   7566]   INFO - il.indexing.FileBasedIndexImpl - Index org.jetbrains.kotlin.idea.vfilefinder.KotlinModuleMappingIndex will be built. 
2019-08-21 21:46:25,067 [   7578]   INFO - il.indexing.FileBasedIndexImpl - Index org.jetbrains.kotlin.idea.vfilefinder.KotlinPackageSourcesMemberNamesIndex will be built. 
2019-08-21 21:46:25,084 [   7595]   INFO - il.indexing.FileBasedIndexImpl - Index org.jetbrains.kotlin.idea.vfilefinder.KotlinJvmModuleAnnotationsIndex will be built. 
2019-08-21 21:46:25,095 [   7606]   INFO - il.indexing.FileBasedIndexImpl - Index org.jetbrains.kotlin.ide.konan.index.KotlinNativeMetaFileIndex will be built. 
2019-08-21 21:46:25,101 [   7612]   INFO - il.indexing.FileBasedIndexImpl - Index JavaFxControllerClassIndex will be built. 
2019-08-21 21:46:25,107 [   7618]   INFO - il.indexing.FileBasedIndexImpl - Index javafx.id.name will be built. 
2019-08-21 21:46:25,112 [   7623]   INFO - il.indexing.FileBasedIndexImpl - Index javafx.custom.component will be built. 
2019-08-21 21:46:25,121 [   7632]   INFO - il.indexing.FileBasedIndexImpl - Index yaml.keys.name will be built. 
2019-08-21 21:46:25,140 [   7651]   INFO - pl$FileIndexDataInitialization - Initialization done:1400 
2019-08-21 21:46:25,143 [   7654]   INFO - tellij.psi.stubs.StubIndexImpl - Stub index dom.namespaceKey will be built. 
2019-08-21 21:46:25,148 [   7659]   INFO - tellij.psi.stubs.StubIndexImpl - Stub index dom.elementClass will be built. 
2019-08-21 21:46:25,153 [   7664]   INFO - tellij.psi.stubs.StubIndexImpl - Stub index java.module.name will be built. 
2019-08-21 21:46:25,158 [   7669]   INFO - tellij.psi.stubs.StubIndexImpl - Stub index java.method.parameter.types will be built. 
2019-08-21 21:46:25,163 [   7674]   INFO - tellij.psi.stubs.StubIndexImpl - Stub index java.class.extlist will be built. 
2019-08-21 21:46:25,167 [   7678]   INFO - tellij.psi.stubs.StubIndexImpl - Stub index java.class.shortname will be built. 
2019-08-21 21:46:25,171 [   7682]   INFO - tellij.psi.stubs.StubIndexImpl - Stub index jvm.static.member.type will be built. 
2019-08-21 21:46:25,184 [   7695]   INFO - tellij.psi.stubs.StubIndexImpl - Stub index jvm.static.member.name will be built. 
2019-08-21 21:46:25,188 [   7699]   INFO - tellij.psi.stubs.StubIndexImpl - Stub index java.method.name will be built. 
2019-08-21 21:46:25,191 [   7702]   INFO - ellij.project.impl.ProjectImpl - 20 project components initialized in 376 ms 
2019-08-21 21:46:25,193 [   7704]   INFO - tellij.psi.stubs.StubIndexImpl - Stub index java.class.fqn will be built. 
2019-08-21 21:46:25,198 [   7709]   INFO - tellij.psi.stubs.StubIndexImpl - Stub index java.field.name will be built. 
2019-08-21 21:46:25,203 [   7714]   INFO - tellij.psi.stubs.StubIndexImpl - Stub index java.anonymous.baseref will be built. 
2019-08-21 21:46:25,208 [   7719]   INFO - tellij.psi.stubs.StubIndexImpl - Stub index java.annotations will be built. 
2019-08-21 21:46:25,213 [   7724]   INFO - tellij.psi.stubs.StubIndexImpl - Stub index properties.index will be built. 
2019-08-21 21:46:25,216 [   7727]   INFO - tellij.psi.stubs.StubIndexImpl - Stub index gr.class.fqn will be built. 
2019-08-21 21:46:25,220 [   7731]   INFO - tellij.psi.stubs.StubIndexImpl - Stub index gr.script.fqn will be built. 
2019-08-21 21:46:25,224 [   7735]   INFO - tellij.psi.stubs.StubIndexImpl - Stub index gr.field.name will be built. 
2019-08-21 21:46:25,228 [   7739]   INFO - tellij.psi.stubs.StubIndexImpl - Stub index gr.method.name will be built. 
2019-08-21 21:46:25,232 [   7743]   INFO - tellij.psi.stubs.StubIndexImpl - Stub index gr.annot.method.name will be built. 
2019-08-21 21:46:25,236 [   7747]   INFO - tellij.psi.stubs.StubIndexImpl - Stub index gr.annot.members will be built. 
2019-08-21 21:46:25,240 [   7751]   INFO - tellij.psi.stubs.StubIndexImpl - Stub index gr.script.class will be built. 
2019-08-21 21:46:25,244 [   7755]   INFO - tellij.psi.stubs.StubIndexImpl - Stub index gr.class.super will be built. 
2019-08-21 21:46:25,249 [   7760]   INFO - tellij.psi.stubs.StubIndexImpl - Stub index gr.anonymous.class will be built. 
2019-08-21 21:46:25,252 [   7763]   INFO - tellij.psi.stubs.StubIndexImpl - Stub index org.jetbrains.kotlin.idea.stubindex.KotlinExactPackagesIndex will be built. 
2019-08-21 21:46:25,257 [   7768]   INFO - tellij.psi.stubs.StubIndexImpl - Stub index org.jetbrains.kotlin.idea.stubindex.KotlinTopLevelClassByPackageIndex will be built. 
2019-08-21 21:46:25,261 [   7772]   INFO - tellij.psi.stubs.StubIndexImpl - Stub index org.jetbrains.kotlin.idea.stubindex.KotlinTopLevelFunctionByPackageIndex will be built. 
2019-08-21 21:46:25,265 [   7776]   INFO - tellij.psi.stubs.StubIndexImpl - Stub index org.jetbrains.kotlin.idea.stubindex.KotlinTopLevelPropertyByPackageIndex will be built. 
2019-08-21 21:46:25,272 [   7783]   INFO - tellij.psi.stubs.StubIndexImpl - Stub index org.jetbrains.kotlin.idea.stubindex.KotlinTopLevelTypeAliasByPackageIndex will be built. 
2019-08-21 21:46:25,278 [   7789]   INFO - tellij.psi.stubs.StubIndexImpl - Stub index org.jetbrains.kotlin.idea.stubindex.KotlinClassShortNameIndex will be built. 
2019-08-21 21:46:25,282 [   7793]   INFO - tellij.psi.stubs.StubIndexImpl - Stub index org.jetbrains.kotlin.idea.stubindex.KotlinFullClassNameIndex will be built. 
2019-08-21 21:46:25,287 [   7798]   INFO - tellij.psi.stubs.StubIndexImpl - Stub index org.jetbrains.kotlin.idea.stubindex.KotlinPropertyShortNameIndex will be built. 
2019-08-21 21:46:25,291 [   7802]   INFO - tellij.psi.stubs.StubIndexImpl - Stub index org.jetbrains.kotlin.idea.stubindex.KotlinFunctionShortNameIndex will be built. 
2019-08-21 21:46:25,298 [   7809]   INFO - tellij.psi.stubs.StubIndexImpl - Stub index org.jetbrains.kotlin.idea.stubindex.KotlinTypeAliasShortNameIndex will be built. 
2019-08-21 21:46:25,303 [   7814]   INFO - tellij.psi.stubs.StubIndexImpl - Stub index org.jetbrains.kotlin.idea.stubindex.KotlinSuperClassIndex will be built. 
2019-08-21 21:46:25,308 [   7819]   INFO - tellij.psi.stubs.StubIndexImpl - Stub index org.jetbrains.kotlin.idea.stubindex.KotlinTopLevelFunctionFqnNameIndex will be built. 
2019-08-21 21:46:25,312 [   7823]   INFO - tellij.psi.stubs.StubIndexImpl - Stub index org.jetbrains.kotlin.idea.stubindex.KotlinTopLevelPropertyFqnNameIndex will be built. 
2019-08-21 21:46:25,317 [   7828]   INFO - tellij.psi.stubs.StubIndexImpl - Stub index org.jetbrains.kotlin.idea.stubindex.KotlinTopLevelTypeAliasFqNameIndex will be built. 
2019-08-21 21:46:25,322 [   7833]   INFO - tellij.psi.stubs.StubIndexImpl - Stub index org.jetbrains.kotlin.idea.stubindex.KotlinTopLevelExtensionsByReceiverTypeIndex will be built. 
2019-08-21 21:46:25,328 [   7839]   INFO - tellij.psi.stubs.StubIndexImpl - Stub index org.jetbrains.kotlin.idea.stubindex.KotlinAnnotationsIndex will be built. 
2019-08-21 21:46:25,333 [   7844]   INFO - tellij.psi.stubs.StubIndexImpl - Stub index org.jetbrains.kotlin.idea.stubindex.KotlinProbablyNothingFunctionShortNameIndex will be built. 
2019-08-21 21:46:25,337 [   7848]   INFO - tellij.psi.stubs.StubIndexImpl - Stub index org.jetbrains.kotlin.idea.stubindex.KotlinProbablyNothingPropertyShortNameIndex will be built. 
2019-08-21 21:46:25,343 [   7854]   INFO - tellij.psi.stubs.StubIndexImpl - Stub index org.jetbrains.kotlin.idea.stubindex.KotlinProbablyContractedFunctionShortNameIndex will be built. 
2019-08-21 21:46:25,347 [   7858]   INFO - tellij.psi.stubs.StubIndexImpl - Stub index org.jetbrains.kotlin.idea.stubindex.KotlinFileFacadeFqNameIndex will be built. 
2019-08-21 21:46:25,351 [   7862]   INFO - tellij.psi.stubs.StubIndexImpl - Stub index org.jetbrains.kotlin.idea.stubindex.KotlinFilePartClassIndex will be built. 
2019-08-21 21:46:25,355 [   7866]   INFO - tellij.psi.stubs.StubIndexImpl - Stub index org.jetbrains.kotlin.idea.stubindex.KotlinFileFacadeClassByPackageIndex will be built. 
2019-08-21 21:46:25,359 [   7870]   INFO - tellij.psi.stubs.StubIndexImpl - Stub index org.jetbrains.kotlin.idea.stubindex.KotlinFileFacadeShortNameIndex will be built. 
2019-08-21 21:46:25,363 [   7874]   INFO - tellij.psi.stubs.StubIndexImpl - Stub index org.jetbrains.kotlin.idea.stubindex.KotlinMultifileClassPartIndex will be built. 
2019-08-21 21:46:25,367 [   7878]   INFO - tellij.psi.stubs.StubIndexImpl - Stub index org.jetbrains.kotlin.idea.stubindex.KotlinScriptFqnIndex will be built. 
2019-08-21 21:46:25,371 [   7882]   INFO - tellij.psi.stubs.StubIndexImpl - Stub index org.jetbrains.kotlin.idea.stubindex.KotlinTypeAliasByExpansionShortNameIndex will be built. 
2019-08-21 21:46:25,375 [   7886]   INFO - tellij.psi.stubs.StubIndexImpl - Stub index org.jetbrains.kotlin.idea.stubindex.KotlinOverridableInternalMembersShortNameIndex will be built. 
2019-08-21 21:46:25,379 [   7890]   INFO - exImpl$StubIndexInitialization - Initialization done:238 
2019-08-21 21:46:25,533 [   8044]   WARN - ConfigurableExtensionPointUtil - ignore deprecated groupId: language for id: preferences.language.Kotlin.scripting 
2019-08-21 21:46:28,795 [  11306]   INFO - com.intellij.ide.ui.UISettings - Loaded: fontSize=12, fontScale=1.0; restored: fontSize=12, fontScale=1.0 
2019-08-21 21:46:29,937 [  12448]   INFO - CompilerWorkspaceConfiguration - Available processors: 4 
2019-08-21 21:46:31,475 [  13986]   INFO - pi.util.registry.RegistryValue - Registry value 'java.completion.argument.hints' has changed to 'false' 
2019-08-21 21:46:31,477 [  13988]   INFO - pi.util.registry.RegistryValue - Registry value 'java.completion.argument.hints.internal' has changed to 'false' 
2019-08-21 21:46:32,403 [  14914]   INFO - com.intellij.ide.ui.UISettings - Loaded: fontSize=12, fontScale=1.0; restored: fontSize=12, fontScale=1.0 
2019-08-21 21:46:49,563 [  32074]   INFO - stubs.SerializationManagerImpl - START StubSerializationManager SHUTDOWN 
2019-08-21 21:46:49,565 [  32076]   INFO - stubs.SerializationManagerImpl - END StubSerializationManager SHUTDOWN 
2019-08-21 21:46:49,565 [  32076]   INFO - il.indexing.FileBasedIndexImpl - START INDEX SHUTDOWN 
2019-08-21 21:46:49,584 [  32095]   INFO - il.indexing.FileBasedIndexImpl - END INDEX SHUTDOWN 
2019-08-21 21:46:49,586 [  32097]   INFO - org.jetbrains.io.BuiltInServer - web server stopped 
2019-08-21 21:46:49,586 [  32097]   INFO - Types.impl.FileTypeManagerImpl - FileTypeManager: 0 auto-detected files
Elapsed time on auto-detect: 0 ms 
2019-08-21 21:46:49,607 [  32118]   INFO - newvfs.persistent.PersistentFS - VFS dispose started 
2019-08-21 21:46:49,624 [  32135]   INFO - newvfs.persistent.PersistentFS - VFS dispose completed 
2019-08-21 21:46:49,625 [  32136]   INFO - plication.impl.ApplicationImpl - Write action Statistics:
Event number:     0
Total time spent: 0ms
Average duration: 0ms
Median  duration: 0ms
Max     duration: 0ms (it was 'null') 
2019-08-21 21:46:49,625 [  32136]   INFO - plication.impl.ApplicationImpl - AnAction.update() Statistics:
Event number:     0
Total time spent: 0ms
Average duration: 0ms
Median  duration: 0ms
Max     duration: 0ms (it was 'null') 
2019-08-21 21:46:49,626 [  32137]   INFO - plication.impl.ApplicationImpl - Global instance threads created counter = 4; ProcessIOExecutorService threads: 0 
2019-08-21 21:46:49,628 [  32139]   INFO -        #com.intellij.idea.Main - ------------------------------------------------------ IDE SHUTDOWN ------------------------------------------------------ 
2019-08-21 21:46:49,629 [  32140]   INFO - org.jetbrains.io.BuiltInServer - web server stopped 
